<?xml version="1.0" encoding="UTF-8" ?>
<testsuite failures="0" time="0.036" errors="0" skipped="0" tests="1" name="com.juvenxu.mvnbook.helloworld.HelloWorldTest">
  <properties>
    <property name="java.runtime.name" value="Java(TM) SE Runtime Environment"/>
    <property name="sun.boot.library.path" value="E:\JavaTools\jdk1.7.0_07\jre\bin"/>
    <property name="java.vm.version" value="23.3-b01"/>
    <property name="java.vm.vendor" value="Oracle Corporation"/>
    <property name="java.vendor.url" value="http://java.oracle.com/"/>
    <property name="path.separator" value=";"/>
    <property name="guice.disable.misplaced.annotation.check" value="true"/>
    <property name="java.vm.name" value="Java HotSpot(TM) Client VM"/>
    <property name="file.encoding.pkg" value="sun.io"/>
    <property name="user.script" value=""/>
    <property name="user.country" value="CN"/>
    <property name="sun.java.launcher" value="SUN_STANDARD"/>
    <property name="sun.os.patch.level" value=""/>
    <property name="java.vm.specification.name" value="Java Virtual Machine Specification"/>
    <property name="user.dir" value="E:\JavaTools\OpenSource\hello-world"/>
    <property name="java.runtime.version" value="1.7.0_07-b11"/>
    <property name="java.awt.graphicsenv" value="sun.awt.Win32GraphicsEnvironment"/>
    <property name="java.endorsed.dirs" value="E:\JavaTools\jdk1.7.0_07\jre\lib\endorsed"/>
    <property name="os.arch" value="x86"/>
    <property name="java.io.tmpdir" value="C:\Users\lenovo\AppData\Local\Temp\"/>
    <property name="line.separator" value="
"/>
    <property name="java.vm.specification.vendor" value="Oracle Corporation"/>
    <property name="user.variant" value=""/>
    <property name="os.name" value="Windows 8"/>
    <property name="classworlds.conf" value="E:\JavaTools\workspace\.metadata\.plugins\org.eclipse.m2e.launching\launches\m2conf8719953637295155123.tmp"/>
    <property name="sun.jnu.encoding" value="GBK"/>
    <property name="java.library.path" value="E:\JavaTools\jdk1.7.0_07\bin;C:\windows\Sun\Java\bin;C:\windows\system32;C:\windows;E:/JavaTools/jdk1.7.0_07/bin/../jre/bin/client;E:/JavaTools/jdk1.7.0_07/bin/../jre/bin;E:/JavaTools/jdk1.7.0_07/bin/../jre/lib/i386;C:\windows\system32;C:\windows;C:\windows\System32\Wbem;C:\windows\System32\WindowsPowerShell\v1.0\;E:\JavaTools\MySQL\MySQL Server 5.1\bin;E:\JavaTools\jdk1.7.0_07\bin;% SDK_HOME%\platform-tools;% SDK_HOME%\tools;E:\JavaTools\OpenSource\apache-maven-3.0.5\bin;;E:\JavaTools\eclipse;;."/>
    <property name="java.specification.name" value="Java Platform API Specification"/>
    <property name="java.class.version" value="51.0"/>
    <property name="sun.management.compiler" value="HotSpot Client Compiler"/>
    <property name="os.version" value="6.2"/>
    <property name="user.home" value="C:\Users\lenovo"/>
    <property name="user.timezone" value="Asia/Shanghai"/>
    <property name="java.awt.printerjob" value="sun.awt.windows.WPrinterJob"/>
    <property name="java.specification.version" value="1.7"/>
    <property name="file.encoding" value="UTF-8"/>
    <property name="user.name" value="lenovo"/>
    <property name="java.class.path" value="/E:/JavaTools/eclipse/configuration/org.eclipse.osgi/bundles/531/1/.cp/jars/plexus-classworlds-2.4.jar"/>
    <property name="java.vm.specification.version" value="1.7"/>
    <property name="sun.arch.data.model" value="32"/>
    <property name="java.home" value="E:\JavaTools\jdk1.7.0_07\jre"/>
    <property name="sun.java.command" value="org.codehaus.plexus.classworlds.launcher.Launcher -B -s E:\JavaTools\OpenSource\apache-maven-3.0.5\conf\settings.xml install"/>
    <property name="java.specification.vendor" value="Oracle Corporation"/>
    <property name="user.language" value="zh"/>
    <property name="awt.toolkit" value="sun.awt.windows.WToolkit"/>
    <property name="java.vm.info" value="mixed mode, sharing"/>
    <property name="java.version" value="1.7.0_07"/>
    <property name="java.ext.dirs" value="E:\JavaTools\jdk1.7.0_07\jre\lib\ext;C:\windows\Sun\Java\lib\ext"/>
    <property name="sun.boot.class.path" value="E:\JavaTools\jdk1.7.0_07\jre\lib\resources.jar;E:\JavaTools\jdk1.7.0_07\jre\lib\rt.jar;E:\JavaTools\jdk1.7.0_07\jre\lib\sunrsasign.jar;E:\JavaTools\jdk1.7.0_07\jre\lib\jsse.jar;E:\JavaTools\jdk1.7.0_07\jre\lib\jce.jar;E:\JavaTools\jdk1.7.0_07\jre\lib\charsets.jar;E:\JavaTools\jdk1.7.0_07\jre\lib\jfr.jar;E:\JavaTools\jdk1.7.0_07\jre\classes"/>
    <property name="java.vendor" value="Oracle Corporation"/>
    <property name="maven.home" value="E:\JavaTools\OpenSource\hello-world\EMBEDDED"/>
    <property name="file.separator" value="\"/>
    <property name="java.vendor.url.bug" value="http://bugreport.sun.com/bugreport/"/>
    <property name="maven.bootclasspath" value="/E:/JavaTools/eclipse/configuration/org.eclipse.osgi/bundles/531/1/.cp/jars/plexus-classworlds-2.4.jar"/>
    <property name="sun.cpu.endian" value="little"/>
    <property name="sun.io.unicode.encoding" value="UnicodeLittle"/>
    <property name="sun.desktop" value="windows"/>
    <property name="sun.cpu.isalist" value="pentium_pro+mmx pentium_pro pentium+mmx pentium i486 i386 i86"/>
  </properties>
  <testcase time="0.003" classname="com.juvenxu.mvnbook.helloworld.HelloWorldTest" name="testSayHello"/>
</testsuite>